1566507676220	mozrunner::runner	INFO	Running command: "C:\\Program Files\\Mozilla Firefox\\firefox.exe" "-marionette" "-foreground" "-no-remote" "-profile" "C:\\Users\\ALEXNA~1\\AppData\\Local\\Temp\\rust_mozprofile.zU0JG7cCad4u"
1566507677236	addons.webextension.screenshots@mozilla.org	WARN	Loading extension 'screenshots@mozilla.org': Reading manifest: Invalid extension permission: mozillaAddons
1566507677236	addons.webextension.screenshots@mozilla.org	WARN	Loading extension 'screenshots@mozilla.org': Reading manifest: Invalid extension permission: telemetry
1566507677236	addons.webextension.screenshots@mozilla.org	WARN	Loading extension 'screenshots@mozilla.org': Reading manifest: Invalid extension permission: resource://pdf.js/
1566507677236	addons.webextension.screenshots@mozilla.org	WARN	Loading extension 'screenshots@mozilla.org': Reading manifest: Invalid extension permission: about:reader*
1566507680478	Marionette	INFO	Listening on port 60024
1566507680932	Marionette	WARN	TLS certificate errors will be ignored for this session
1566507681042	Marionette	INFO	Stopped listening on port 60024
JavaScript error: resource://activity-stream/lib/ActivityStreamPrefs.jsm, line 23: NS_ERROR_ILLEGAL_VALUE: Component returned failure code: 0x80070057 (NS_ERROR_ILLEGAL_VALUE) [nsIPrefBranch.removeObserver]
[Parent 16060, Gecko_IOThread] WARNING: pipe error: 109: file z:/task_1565706750/build/src/ipc/chromium/src/chrome/common/ipc_channel_win.cc, line 341
[Parent 16060, Gecko_IOThread] WARNING: pipe error: 109: file z:/task_1565706750/build/src/ipc/chromium/src/chrome/common/ipc_channel_win.cc, line 341
[Child 9176, Chrome_ChildThread] WARNING: pipe error: 109: file z:/task_1565706750/build/src/ipc/chromium/src/chrome/common/ipc_channel_win.cc, line 341
[Chil[Child 9176d 7276, Chrome_ChildThread] WARNING: pipe error: 109: file z:/task_1565706750/build/src/ipc/chromium/src/chrome/common/ipc_channel_win.cc, line 341
[Child 7[Child 528, Chrome_ChildThread] WARNING: pipe error: 109: file z:/task_1565706750/build/src/ipc/chromium/src/chrome/common/ipc_channel_win.cc, line 341
[Child 528, ChromeJavaScript error: resource://gre/modules/JSONFile.jsm, line 159: Error: Data is not ready.
console.error: PushService: 
  clearOriginData: Error clearing origin data:
  UnknownError
console.error: PushService: 
  stateChangeProcessEnqueue: Error transitioning state
  UnknownError

###!!! [Parent][DispatchAsyncMessage] Error: PBackgroundIDBFactory::Msg_PBackgroundIDBFactoryRequestConstructor Value error: message was deserialized, but contained an illegal value


###!!! [Parent][DispatchAsyncMessage] Error: PBackgroundIDBFactory::Msg_PBackgroundIDBFactoryRequestConstructor Value error: message was deserialized, but contained an illegal value

JavaScript error: resource://services-common/kinto-offline-client.js, line 579: Error: IndexedDB getLastModified() The operation failed for reasons unrelated to the database itself and not covered by any other error code.
console.log: "RemoteSettingsWorker error: UnknownError: The operation failed for reasons unrelated to the database itself and not covered by any other error code."
[GPU 1
###!!! [Child][RunMessage] Error: Channel closing: too late to send/recv, messages will be lost

51
###!!! [Child][MessageChannel::SendAndWait] Error: Channel error: cannot send/recv

@XPIProvider.jsm:1982:13
1566507202993	addons.xpi-utils	WARN	Error: XPI database modified after shutdown began(resource://gre/modules/addons/XPIDatabase.jsm:1326:17) JS Stack trace: saveChanges@XPIDatabase.jsm:1326:17
addToDatabase@XPIDatabase.jsm:1999:10
install@XPIInstall.jsm:3857:27
update@XPIProvider.jsm:1982:13
1566507202993	addons.xpi-utils	WARN	Error: XPI database modified after shutdown began(resource://gre/modules/addons/XPIDatabase.jsm:1326:17) JS Stack trace: saveChanges@XPIDatabase.jsm:1326:17
syncWithDB@XPIProvider.jsm:640:25
addAddon@XPIProvider.jsm:773:14
addAddon@XPIProvider.jsm:1546:21
install@XPIInstall.jsm:3859:17
update@XPIProvider.jsm:1982:13
1566507203013	addons.xpi	WARN	Addon with ID ebay@search.mozilla.org already installed, older version will be disabled
1566507203014	addons.xpi-utils	WARN	Error: XPI database modified after shutdown began(resource://gre/modules/addons/XPIDatabase.jsm:1326:17) JS Stack trace: saveChanges@XPIDatabase.jsm:1326:17
makeAddonVisible@XPIDatabase.jsm:2067:10
addToDatabase@XPIDatabase.jsm:1996:12
install@XPIInstall.jsm:3857:27
update@XPIProvider.jsm:1982:13
1566507203014	addons.xpi-utils	WARN	Error: XPI database modified after shutdown began(resource://gre/modules/addons/XPIDatabase.jsm:1326:17) JS Stack trace: saveChanges@XPIDatabase.jsm:1326:17
addToDatabase@XPIDatabase.jsm:1999:10
install@XPIInstall.jsm:3857:27
update@XPIProvider.jsm:1982:13
1566507203014	addons.xpi-utils	WARN	Error: XPI database modified after shutdown began(resource://gre/modules/addons/XPIDatabase.jsm:1326:17) JS Stack trace: saveChanges@XPIDatabase.jsm:1326:17
syncWithDB@XPIProvider.jsm:640:25
addAddon@XPIProvider.jsm:773:14
addAddon@XPIProvider.jsm:1546:21
install@XPIInstall.jsm:3859:17
update@XPIProvider.jsm:1982:13
1566507203033	addons.xpi	WARN	Addon with ID google@search.mozilla.org already installed, older version will be disabled
1566507203034	addons.xpi-utils	WARN	Error: XPI database modified after shutdown began(resource://gre/modules/addons/XPIDatabase.jsm:1326:17) JS Stack trace: saveChanges@XPIDatabase.jsm:1326:17
makeAddonVisible@XPIDatabase.jsm:2067:10
addToDatabase@XPIDatabase.jsm:1996:12
install@XPIInstall.jsm:3857:27
update@XPIProvider.jsm:1982:13
1566507203034	addons.xpi-utils	WARN	Error: XPI database modified after shutdown began(resource://gre/modules/addons/XPIDatabase.jsm:1326:17) JS Stack trace: saveChanges@XPIDatabase.jsm:1326:17
addToDatabase@XPIDatabase.jsm:1999:10
install@XPIInstall.jsm:3857:27
update@XPIProvider.jsm:1982:13
1566507203034	addons.xpi-utils	WARN	Error: XPI database modified after shutdown began(resource://gre/modules/addons/XPIDatabase.jsm:1326:17) JS Stack trace: saveChanges@XPIDatabase.jsm:1326:17
syncWithDB@XPIProvider.jsm:640:25
addAddon@XPIProvider.jsm:773:14
addAddon@XPIProvider.jsm:1546:21
install@XPIInstall.jsm:3859:17
update@XPIProvider.jsm:1982:13
1566507203054	addons.xpi	WARN	Addon with ID twitter@search.mozilla.org already installed, older version will be disabled
1566507203055	addons.xpi-utils	WARN	Error: XPI database modified after shutdown began(resource://gre/modules/addons/XPIDatabase.jsm:1326:17) JS Stack trace: saveChanges@XPIDatabase.jsm:1326:17
makeAddonVisible@XPIDatabase.jsm:2067:10
addToDatabase@XPIDatabase.jsm:1996:12
install@XPIInstall.jsm:3857:27
update@XPIProvider.jsm:1982:13
1566507203055	addons.xpi-utils	WARN	Error: XPI database modified after shutdown began(resource://gre/modules/addons/XPIDatabase.jsm:1326:17) JS Stack trace: saveChanges@XPIDatabase.jsm:1326:17
addToDatabase@XPIDatabase.jsm:1999:10
install@XPIInstall.jsm:3857:27
update@XPIProvider.jsm:1982:13
1566507203056	addons.xpi-utils	WARN	Error: XPI database modified after shutdown began(resource://gre/modules/addons/XPIDatabase.jsm:1326:17) JS Stack trace: saveChanges@XPIDatabase.jsm:1326:17
syncWithDB@XPIProvider.jsm:640:25
addAddon@XPIProvider.jsm:773:14
addAddon@XPIProvider.jsm:1546:21
install@XPIInstall.jsm:3859:17
update@XPIProvider.jsm:1982:13
1566507203097	addons.xpi	WARN	Addon with ID wikipedia@search.mozilla.org already installed, older version will be disabled
1566507203098	addons.xpi-utils	WARN	Error: XPI database modified after shutdown began(resource://gre/modules/addons/XPIDatabase.jsm:1326:17) JS Stack trace: saveChanges@XPIDatabase.jsm:1326:17
makeAddonVisible@XPIDatabase.jsm:2067:10
addToDatabase@XPIDatabase.jsm:1996:12
install@XPIInstall.jsm:3857:27
update@XPIProvider.jsm:1982:13
1566507203098	addons.xpi-utils	WARN	Error: XPI database modified after shutdown began(resource://gre/modules/addons/XPIDatabase.jsm:1326:17) JS Stack trace: saveChanges@XPIDatabase.jsm:1326:17
addToDatabase@XPIDatabase.jsm:1999:10
install@XPIInstall.jsm:3857:27
update@XPIProvider.jsm:1982:13
1566507203099	addons.xpi-utils	WARN	Error: XPI database modified after shutdown began(resource://gre/modules/addons/XPIDatabase.jsm:1326:17) JS Stack trace: saveChanges@XPIDatabase.jsm:1326:17
syncWithDB@XPIProvider.jsm:640:25
addAddon@XPIProvider.jsm:773:14
addAddon@XPIProvider.jsm:1546:21
install@XPIInstall.jsm:3859:17
update@XPIProvider.jsm:1982:13
1566507203116	addons.xpi	WARN	Addon with ID ddg@search.mozilla.org already installed, older version will be disabled
1566507203117	addons.xpi-utils	WARN	Error: XPI database modified after shutdown began(resource://gre/modules/addons/XPIDatabase.jsm:1326:17) JS Stack trace: saveChanges@XPIDatabase.jsm:1326:17
makeAddonVisible@XPIDatabase.jsm:2067:10
addToDatabase@XPIDatabase.jsm:1996:12
install@XPIInstall.jsm:3857:27
update@XPIProvider.jsm:1982:13
1566507203117	addons.xpi-utils	WARN	Error: XPI database modified after shutdown began(resource://gre/modules/addons/XPIDatabase.jsm:1326:17) JS Stack trace: saveChanges@XPIDatabase.jsm:1326:17
addToDatabase@XPIDatabase.jsm:1999:10
install@XPIInstall.jsm:3857:27
update@XPIProvider.jsm:1982:13
1566507203118	addons.xpi-utils	WARN	Error: XPI database modified after shutdown began(resource://gre/modules/addons/XPIDatabase.jsm:1326:17) JS Stack trace: saveChanges@XPIDatabase.jsm:1326:17
syncWithDB@XPIProvider.jsm:640:25
addAddon@XPIProvider.jsm:773:14
addAddon@XPIProvider.jsm:1546:21
install@XPIInstall.jsm:3859:17
update@XPIProvider.jsm:1982:13
[Parent 13556, Gecko_IOThread] WARNING: pipe error: 109: file z:/task_1565706750/build/src/ipc/chromium/src/chrome/common/ipc_channel_win.cc, line 341
[Child 7708, Chrome_ChildThread] WARNING: pipe error: 109: file z:/task_1565706750/build/src/ipc/chromium/src/chrome/common/ipc_channel_win.cc, line 341
[Child 7708,[GPU 9692
###!!! [Child][RunMessage] Error: Channel closing: too late to send/recv, messages will be lost


###!!! [Child][MessageChannel::SendAndWait] Error: Channel error: cannot send/recv

